#
# A fatal error has been detected by the Java Runtime Environment:
#
#  EXCEPTION_IN_PAGE_ERROR (0xc0000006) at pc=0x00007ffa8b5016e9, pid=34044, tid=13216
#
# JRE version:  (11.0.15+9) (build )
# Java VM: OpenJDK 64-Bit Server VM (11.0.15+9-LTS, mixed mode, sharing, tiered, compressed oops, g1 gc, windows-amd64)
# Problematic frame:
# C  [VCRUNTIME140.dll+0x16e9]
#
# No core dump will be written. Minidumps are not enabled by default on client versions of Windows
#
#

---------------  S U M M A R Y ------------

Command Line: -Dorg.jetbrains.run.directory=D:\WeBuild2\src\test\java\features\sourcing -javaagent:C:\Program Files\JetBrains\IntelliJ IDEA Community Edition 2021.3.2\lib\idea_rt.jar=24238:C:\Program Files\JetBrains\IntelliJ IDEA Community Edition 2021.3.2\bin -Dfile.encoding=UTF-8 io.cucumber.core.cli.Main --plugin org.jetbrains.plugins.cucumber.java.run.CucumberJvm5SMFormatter --name ^T001 creazione fornitore procurement and qualification$ --glue test.java.steps --glue main.java.Hooks D:/WeBuild2/src/test/java/features/sourcing/T001.feature

Host: 11th Gen Intel(R) Core(TM) i5-11400F @ 2.60GHz, 12 cores, 15G,  Windows 10 , 64 bit Build 19041 (10.0.19041.1023)
Time: Mon Jul  4 13:33:47 2022 ora legale Europa occidentale elapsed time: 0.005311 seconds (0d 0h 0m 0s)

---------------  T H R E A D  ---------------

Current thread is native thread

Stack: [0x000000ec97400000,0x000000ec97500000],  sp=0x000000ec974feef0,  free space=1019k
Native frames: (J=compiled Java code, j=interpreted, Vv=VM code, C=native code)
C  [VCRUNTIME140.dll+0x16e9]
V  [jvm.dll+0x647ad1]
V  [jvm.dll+0x6468c7]
V  [jvm.dll+0x64646e]
V  [jvm.dll+0x35f742]
V  [jvm.dll+0x768366]
V  [jvm.dll+0x3cd0ff]
V  [jvm.dll+0x3cf491]
C  [jli.dll+0x5207]
C  [ucrtbase.dll+0x21bb2]
C  [KERNEL32.DLL+0x17034]
C  [ntdll.dll+0x52651]


siginfo: EXCEPTION_IN_PAGE_ERROR (0xc0000006), writing address 0x0000025a96510000


Registers:
RAX=0x0000000000000000, RBX=0x0000025a96510000, RCX=0x0000000000010000, RDX=0x0000000000000000
RSP=0x000000ec974feef0, RBP=0x0000025a98719d40, RSI=0x0000025a96564090, RDI=0x0000025a96510000
R8 =0x0000000000010000, R9 =0x0000000000000000, R10=0x0000000000000000, R11=0x0000025a96510000
R12=0x0000000000000000, R13=0x00007ffa0fec8440, R14=0x0000025a9654d9d0, R15=0x0000000000010000
RIP=0x00007ffa8b5016e9, EFLAGS=0x0000000000010202

Top of Stack: (sp=0x000000ec974feef0)
0x000000ec974feef0:   0000000000000000 00007ffa0ff47ad1
0x000000ec974fef00:   0000025a98719d40 0000025a00000000
0x000000ec974fef10:   0000025a96564090 0000000000000138
0x000000ec974fef20:   0000000000010000 000000ec974fef44
0x000000ec974fef30:   000000ec974ff1d0 0000000000000104
0x000000ec974fef40:   03e706ff00000101 0000000000000103
0x000000ec974fef50:   0000025a98719d45 00000000000000ff
0x000000ec974fef60:   000000000000000d 0000000000000000
0x000000ec974fef70:   0000000000000000 0000000000000090
0x000000ec974fef80:   0000000000002000 0000025a96530000
0x000000ec974fef90:   0000000000002000 00007ffa935cf47e
0x000000ec974fefa0:   0000025a98717920 00007ffa935ba46c
0x000000ec974fefb0:   00000000005c3a43 00007ffa93718540
0x000000ec974fefc0:   513b13e000000000 000000000000476d
0x000000ec974fefd0:   0000025a96546d74 0000025a96530150
0x000000ec974fefe0:   513b13e000000000 00007ffa935ba36f 

Instructions: (pc=0x00007ffa8b5016e9)
0x00007ffa8b5015e9:   ff ff 0f 1f 44 00 00 49 03 c8 0f 10 44 11 f0 48
0x00007ffa8b5015f9:   83 e9 10 49 83 e8 10 f6 c1 0f 74 17 48 8b c1 48
0x00007ffa8b501609:   83 e1 f0 0f 10 c8 0f 10 04 11 0f 11 08 4c 8b c1
0x00007ffa8b501619:   4d 2b c3 4d 8b c8 49 c1 e9 07 74 68 0f 29 01 eb
0x00007ffa8b501629:   0d 66 0f 1f 44 00 00 0f 29 41 10 0f 29 09 0f 10
0x00007ffa8b501639:   44 11 f0 0f 10 4c 11 e0 48 81 e9 80 00 00 00 0f
0x00007ffa8b501649:   29 41 70 0f 29 49 60 0f 10 44 11 50 0f 10 4c 11
0x00007ffa8b501659:   40 49 ff c9 0f 29 41 50 0f 29 49 40 0f 10 44 11
0x00007ffa8b501669:   30 0f 10 4c 11 20 0f 29 41 30 0f 29 49 20 0f 10
0x00007ffa8b501679:   44 11 10 0f 10 0c 11 75 ae 0f 29 41 10 49 83 e0
0x00007ffa8b501689:   7f 0f 28 c1 4d 8b c8 49 c1 e9 04 74 1a 66 66 0f
0x00007ffa8b501699:   1f 84 00 00 00 00 00 0f 11 01 48 83 e9 10 0f 10
0x00007ffa8b5016a9:   04 11 49 ff c9 75 f0 49 83 e0 0f 74 08 41 0f 10
0x00007ffa8b5016b9:   0a 41 0f 11 0b 0f 11 01 49 8b c3 c3 cc cc cc cc
0x00007ffa8b5016c9:   cc cc cc cc cc cc cc cc cc cc cc cc cc 66 66 0f
0x00007ffa8b5016d9:   1f 84 00 00 00 00 00 57 8b c2 48 8b f9 49 8b c8
0x00007ffa8b5016e9:   f3 aa 49 8b c3 5f c3 cc cc cc cc cc cc 66 66 0f
0x00007ffa8b5016f9:   1f 84 00 00 00 00 00 4c 8b d9 0f b6 d2 49 b9 01
0x00007ffa8b501709:   01 01 01 01 01 01 01 4c 0f af ca 49 83 f8 10 0f
0x00007ffa8b501719:   86 f2 00 00 00 66 49 0f 6e c1 66 0f 60 c0 49 81
0x00007ffa8b501729:   f8 80 00 00 00 77 10 e9 6b 00 00 00 66 66 66 0f
0x00007ffa8b501739:   1f 84 00 00 00 00 00 f6 05 75 2c 01 00 02 75 97
0x00007ffa8b501749:   0f 11 01 4c 03 c1 48 83 c1 10 48 83 e1 f0 4c 2b
0x00007ffa8b501759:   c1 4d 8b c8 49 c1 e9 07 74 3d 4c 3b 0d be 28 01
0x00007ffa8b501769:   00 0f 87 60 00 00 00 0f 29 01 0f 29 41 10 48 81
0x00007ffa8b501779:   c1 80 00 00 00 0f 29 41 a0 0f 29 41 b0 49 ff c9
0x00007ffa8b501789:   0f 29 41 c0 0f 29 41 d0 0f 29 41 e0 66 0f 29 41
0x00007ffa8b501799:   f0 75 d4 49 83 e0 7f 4d 8b c8 49 c1 e9 04 74 13
0x00007ffa8b5017a9:   0f 1f 80 00 00 00 00 0f 11 01 48 83 c1 10 49 ff
0x00007ffa8b5017b9:   c9 75 f4 49 83 e0 0f 74 06 42 0f 11 44 01 f0 49
0x00007ffa8b5017c9:   8b c3 c3 0f 1f 40 00 0f 2b 01 0f 2b 41 10 48 81
0x00007ffa8b5017d9:   c1 80 00 00 00 0f 2b 41 a0 0f 2b 41 b0 49 ff c9 



---------------  P R O C E S S  ---------------

VM state:not at safepoint (not fully initialized)

VM Mutex/Monitor currently owned by a thread: None


[error occurred during error reporting (printing compressed oops mode), id 0xc0000005, EXCEPTION_ACCESS_VIOLATION (0xc0000005) at pc=0x00007ffa10086367]

Deoptimization events (0 events):
No events

Classes redefined (0 events):
No events

Internal exceptions (0 events):
No events

Events (0 events):
No events


Dynamic libraries:
0x00007ff6f1630000 - 0x00007ff6f163d000 	C:\Users\lucas\.jdks\corretto-11.0.15\bin\java.exe
0x00007ffa935b0000 - 0x00007ffa937a5000 	C:\WINDOWS\SYSTEM32\ntdll.dll
0x00007ffa92b00000 - 0x00007ffa92bbd000 	C:\WINDOWS\System32\KERNEL32.DLL
0x00007ffa90d80000 - 0x00007ffa91048000 	C:\WINDOWS\System32\KERNELBASE.dll
0x00007ffa91160000 - 0x00007ffa91260000 	C:\WINDOWS\System32\ucrtbase.dll
0x00007ffa8c7f0000 - 0x00007ffa8c807000 	C:\Users\lucas\.jdks\corretto-11.0.15\bin\jli.dll
0x00007ffa8b500000 - 0x00007ffa8b519000 	C:\Users\lucas\.jdks\corretto-11.0.15\bin\VCRUNTIME140.dll
0x00007ffa93200000 - 0x00007ffa933a0000 	C:\WINDOWS\System32\USER32.dll
0x00007ffa91340000 - 0x00007ffa91362000 	C:\WINDOWS\System32\win32u.dll
0x00007ffa76770000 - 0x00007ffa76a0a000 	C:\WINDOWS\WinSxS\amd64_microsoft.windows.common-controls_6595b64144ccf1df_6.0.19041.1052_none_60b8f8fd71f5e8cb\COMCTL32.dll
0x00007ffa934d0000 - 0x00007ffa934fa000 	C:\WINDOWS\System32\GDI32.dll
0x00007ffa93160000 - 0x00007ffa931fe000 	C:\WINDOWS\System32\msvcrt.dll
0x00007ffa91050000 - 0x00007ffa9115b000 	C:\WINDOWS\System32\gdi32full.dll
0x00007ffa913d0000 - 0x00007ffa9146d000 	C:\WINDOWS\System32\msvcp_win.dll
0x00007ffa92530000 - 0x00007ffa92560000 	C:\WINDOWS\System32\IMM32.DLL
0x00007ffa6a730000 - 0x00007ffa6a7cb000 	C:\Users\lucas\.jdks\corretto-11.0.15\bin\msvcp140.dll
0x00007ffa0f900000 - 0x00007ffa10483000 	C:\Users\lucas\.jdks\corretto-11.0.15\bin\server\jvm.dll
0x00007ffa92960000 - 0x00007ffa92a0c000 	C:\WINDOWS\System32\ADVAPI32.dll
0x00007ffa92c70000 - 0x00007ffa92d0b000 	C:\WINDOWS\System32\sechost.dll
0x00007ffa92740000 - 0x00007ffa9286b000 	C:\WINDOWS\System32\RPCRT4.dll
0x00007ffa92520000 - 0x00007ffa92528000 	C:\WINDOWS\System32\PSAPI.DLL
0x00007ffa79ae0000 - 0x00007ffa79b07000 	C:\WINDOWS\SYSTEM32\WINMM.dll
0x00007ffa8fb30000 - 0x00007ffa8fb3a000 	C:\WINDOWS\SYSTEM32\VERSION.dll
0x00007ffa72e30000 - 0x00007ffa72e39000 	C:\WINDOWS\SYSTEM32\WSOCK32.dll
0x00007ffa92a10000 - 0x00007ffa92a7b000 	C:\WINDOWS\System32\WS2_32.dll
0x00007ffa8fae0000 - 0x00007ffa8faf2000 	C:\WINDOWS\SYSTEM32\kernel.appcore.dll
0x00007ffa8e340000 - 0x00007ffa8e350000 	C:\Users\lucas\.jdks\corretto-11.0.15\bin\verify.dll
0x00007ffa72360000 - 0x00007ffa72544000 	C:\WINDOWS\SYSTEM32\DBGHELP.DLL
0x00007ffa72d30000 - 0x00007ffa72d5c000 	C:\WINDOWS\SYSTEM32\dbgcore.DLL
0x00007ffa90cf0000 - 0x00007ffa90d73000 	C:\WINDOWS\System32\bcryptPrimitives.dll
0x00007ffa8a0d0000 - 0x00007ffa8a0f8000 	C:\Users\lucas\.jdks\corretto-11.0.15\bin\java.dll
0x00007ffa8c7c0000 - 0x00007ffa8c7ca000 	C:\Users\lucas\.jdks\corretto-11.0.15\bin\jimage.dll
0x00007ffa8b4f0000 - 0x00007ffa8b4fe000 	C:\Users\lucas\.jdks\corretto-11.0.15\bin\instrument.dll

dbghelp: loaded successfully - version: 4.0.5 - missing functions: none
symbol engine: initialized successfully - sym options: 0x614 - pdb path: .;C:\Users\lucas\.jdks\corretto-11.0.15\bin;C:\WINDOWS\SYSTEM32;C:\WINDOWS\WinSxS\amd64_microsoft.windows.common-controls_6595b64144ccf1df_6.0.19041.1052_none_60b8f8fd71f5e8cb;C:\Users\lucas\.jdks\corretto-11.0.15\bin\server

VM Arguments:
jvm_args: -Dorg.jetbrains.run.directory=D:\WeBuild2\src\test\java\features\sourcing -javaagent:C:\Program Files\JetBrains\IntelliJ IDEA Community Edition 2021.3.2\lib\idea_rt.jar=24238:C:\Program Files\JetBrains\IntelliJ IDEA Community Edition 2021.3.2\bin -Dfile.encoding=UTF-8 
java_command: io.cucumber.core.cli.Main --plugin org.jetbrains.plugins.cucumber.java.run.CucumberJvm5SMFormatter --name ^T001 creazione fornitore procurement and qualification$ --glue test.java.steps --glue main.java.Hooks D:/WeBuild2/src/test/java/features/sourcing/T001.feature
java_class_path (initial): D:\WeBuild2\target\test-classes;D:\WeBuild2\target\classes;C:\Users\lucas\.m2\repository\com\sap\cloud\db\jdbc\ngdbc\2.13.5\ngdbc-2.13.5.jar;C:\Users\lucas\.m2\repository\io\github\bonigarcia\webdrivermanager\5.1.0\webdrivermanager-5.1.0.jar;C:\Users\lucas\.m2\repository\com\google\code\gson\gson\2.9.0\gson-2.9.0.jar;C:\Users\lucas\.m2\repository\com\github\docker-java\docker-java\3.2.13\docker-java-3.2.13.jar;C:\Users\lucas\.m2\repository\com\github\docker-java\docker-java-core\3.2.13\docker-java-core-3.2.13.jar;C:\Users\lucas\.m2\repository\com\github\docker-java\docker-java-api\3.2.13\docker-java-api-3.2.13.jar;C:\Users\lucas\.m2\repository\com\fasterxml\jackson\core\jackson-annotations\2.10.3\jackson-annotations-2.10.3.jar;C:\Users\lucas\.m2\repository\org\apache\commons\commons-compress\1.21\commons-compress-1.21.jar;C:\Users\lucas\.m2\repository\com\fasterxml\jackson\core\jackson-databind\2.10.3\jackson-databind-2.10.3.jar;C:\Users\lucas\.m2\repository\com\fasterxml\jackson\core\jackson-core\2.10.3\jackson-core-2.10.3.jar;C:\Users\lucas\.m2\repository\org\bouncycastle\bcpkix-jdk15on\1.64\bcpkix-jdk15on-1.64.jar;C:\Users\lucas\.m2\repository\org\bouncycastle\bcprov-jdk15on\1.64\bcprov-jdk15on-1.64.jar;C:\Users\lucas\.m2\repository\org\slf4j\jcl-over-slf4j\1.7.30\jcl-over-slf4j-1.7.30.jar;C:\Users\lucas\.m2\repository\com\github\docker-java\docker-java-transport-httpclient5\3.2.13\docker-java-transport-httpclient5-3.2.13.jar;C:\Users\lucas\.m2\repository\com\github\docker-java\docker-java-transport\3.2.13\docker-java-transport-3.2.13.jar;C:\Users\lucas\.m2\repository\org\apache\httpcomponents\client5\httpclient5\5.0.3\httpclient5-5.0.3.jar;C:\Users\lucas\.m2\repository\org\apache\httpcomponents\core5\httpcore5\5.0.2\httpcore5-5.0.2.jar;C:\Users\lucas\.m2\repository\net\java\dev\jna\jna\5.8.0\jna-5.8.0.jar;C:\Users\lucas\.m2\repository\org\brotli\dec\0.1.2\dec-0.1.2.jar;C:\Users\lucas\.m2\repository\org\apache\commons\commons-lang3\3.
Launcher Type: SUN_STANDARD

[Global flags]
     uint G1ConcRefinementThreads                  = 10                                        {product} {ergonomic}
    uintx GCDrainStackTargetSize                   = 64                                        {product} {ergonomic}
   size_t InitialHeapSize                          = 265711040                                 {product} {ergonomic}
   size_t MaxHeapSize                              = 4251376640                                {product} {ergonomic}
    uintx ReservedCodeCacheSize                    = 251658240                              {pd product} {ergonomic}
     bool SegmentedCodeCache                       = true                                      {product} {ergonomic}
     bool UseCompressedClassPointers               = true                                 {lp64_product} {ergonomic}
     bool UseCompressedOops                        = true                                 {lp64_product} {ergonomic}
     bool UseG1GC                                  = true                                      {product} {ergonomic}
     bool UseLargePagesIndividualAllocation        = false                                  {pd product} {ergonomic}

Logging:
Log output configuration:
 #0: stdout all=warning uptime,level,tags
 #1: stderr all=off uptime,level,tags

Environment Variables:
JAVA_HOME=C:\Program Files\Java\jdk-11.0.14
PATH=C:\Program Files (x86)\VMware\VMware Player\bin\;C:\WINDOWS\system32;C:\WINDOWS;C:\WINDOWS\System32\Wbem;C:\WINDOWS\System32\WindowsPowerShell\v1.0\;C:\WINDOWS\System32\OpenSSH\;C:\Program Files\dotnet\;C:\MinGW\bin;C:\Program Files\NVIDIA Corporation\NVIDIA NvDLISR;C:\Program Files\PostgreSQL\13\bin;E:\Web\xamp\pgsql\13\bin;C:\Program Files\Git\cmd;C:\Program Files\Docker\Docker\resources\bin;C:\ProgramData\DockerDesktop\version-bin;C:\Program Files (x86)\NVIDIA Corporation\PhysX\Common;D:\xentry\DAS\bus\EVODLFPS\Program;D:\xentry\DAS\bus\AUTOPARA\Program;D:\xentry\DAS\Bus\EVOZRDL\Program;D:\xentry\DAS\Bus\EVODMDL\Program;D:\xentry\DAS\Bus\EVOHLKDL\Program;D:\xentry\lib\;D:\xentry\DAS\Tipscall;C:\Program Files (x86)\Adobe\Reader 10.0\Reader\;C:\;C:\Program Files (x86)\dotnet\;C:\Program Files (x86)\Twelf\bin\twelf-server;C:\Program Files\Java\jdk-17.0.2\bin;C:\Program Files\Java\jdk-17.0.2;C:\Program Files\Java\jdk-11.0.14\bin;C:\Program Files\Java\jdk-11.0.14;C:\Users\lucas\.local\share\solana\install\active_release\bin;C:\Users\lucas\.cargo\bin;C:\Users\lucas\AppData\Local\Programs\Python\Python39\Scripts\;C:\Users\lucas\AppData\Local\Programs\Python\Python39\;C:\Users\lucas\AppData\Local\Programs\AdoptOpenJDK\jdk-11.0.10.9-hotspot\bin;C:\Users\lucas\AppData\Local\Microsoft\WindowsApps;C:\Users\lucas\.dotnet\tools;C:\Users\lucas\AppData\Local\GitHubDesktop\bin;E:\Web\google-cloud-sdk\bin;C:\Users\lucas\Desktop\ffmpeg-4.4.1-full_build\bin;C:\Program Files\heroku\bin;C:\Users\lucas\AppData\Local\Programs\Microsoft VS Code\bin;C:\Users\lucas\AppData\Roaming\npm;C:\Users\lucas\AppData\Local\Android\Sdk\platform-tools;C:\Users\lucas\AppData\Local\Android\Sdk;C:\Program Files\JetBrains\IntelliJ IDEA 2021.3.2\bin;;C:\Program Files\JetBrains\IntelliJ IDEA Community Edition 2021.3.2\bin;;C:\Program Files\Java\jdk-17.0.2\bin;C:\Program Files\Java\jdk-11.0.14\bin;C:\Program Files (x86)\Nmap
USERNAME=lucas
OS=Windows_NT
PROCESSOR_IDENTIFIER=Intel64 Family 6 Model 167 Stepping 1, GenuineIntel



---------------  S Y S T E M  ---------------

OS: Windows 10 , 64 bit Build 19041 (10.0.19041.1023)
OS uptime: 4 days 15:22 hours

CPU:total 12 (initial active 12) 

Memory: 4k page, system-wide physical 16217M (5249M free)
TotalPageFile size 61217M (AvailPageFile size 39802M)
current process WorkingSet (physical memory assigned to process): 8M, peak: 8M
current process commit charge ("private bytes"): 3M, peak: 3M

vm_info: OpenJDK 64-Bit Server VM (11.0.15+9-LTS) for windows-amd64 JRE (11.0.15+9-LTS), built on Apr 15 2022 22:20:31 by "Administrator" with unknown MS VC++:1916

END.
